<?xml version="1.0" encoding="UTF-8"?>
<testsuite xmlns:xsi="http://www.w3.org/2001/XMLSchema-instance" xsi:noNamespaceSchemaLocation="https://maven.apache.org/surefire/maven-surefire-plugin/xsd/surefire-test-report-3.0.xsd" version="3.0" name="com.finguard.transaction.service.TransactionServiceTest" time="0.714" tests="2" errors="0" skipped="0" failures="0">
  <properties>
[...]
</properties>
  <testcase name="shouldRejectFraudTransaction" classname="com.finguard.transaction.service.TransactionServiceTest" time="0.691">
    <system-out><![CDATA[01:39:04.982 [main] INFO com.finguard.transaction.service.TransactionService -- Processing transaction for account: ACC-FRAUD
]]></system-out>
    <system-err><![CDATA[WARNING: A Java agent has been loaded dynamically (/Users/parthava/.m2/repository/net/bytebuddy/byte-buddy-agent/1.14.10/byte-buddy-agent-1.14.10.jar)
WARNING: If a serviceability tool is in use, please run with -XX:+EnableDynamicAgentLoading to hide this warning
WARNING: If a serviceability tool is not in use, please run with -Djdk.instrument.traceUsage for more information
WARNING: Dynamic loading of agents will be disallowed by default in a future release
]]></system-err>
  </testcase>
  <testcase name="shouldApproveValidTransaction" classname="com.finguard.transaction.service.TransactionServiceTest" time="0.006">
    <system-out><![CDATA[01:39:05.003 [main] INFO com.finguard.transaction.service.TransactionService -- Processing transaction for account: ACC-TEST
01:39:05.004 [main] INFO com.finguard.transaction.service.TransactionService -- Publishing event to Kafka topic: transaction-events
]]></system-out>
  </testcase>
</testsuite>